<?xml version="1.0" encoding="UTF-8"?>
<coverage generated="1740202055438" clover="3.2.0">
  <project timestamp="1740202055438" name="All files">
    <metrics statements="611" coveredstatements="577" conditionals="137" coveredconditionals="128" methods="126" coveredmethods="119" elements="874" coveredelements="824" complexity="0" loc="611" ncloc="611" packages="1" files="3" classes="3"/>
    <file name="addEmployeeTransaction.ts" path="C:\Users\41783\Documents\アウトプット\Javascript\learning-architecture\agile_software_development\CaseStudy1\addEmployeeTransaction.ts">
      <metrics statements="335" coveredstatements="310" conditionals="69" coveredconditionals="61" methods="62" coveredmethods="58"/>
      <line num="2" count="1" type="stmt"/>
      <line num="20" count="1" type="stmt"/>
      <line num="26" count="1" type="stmt"/>
      <line num="30" count="1" type="cond" truecount="1" falsecount="0"/>
      <line num="31" count="18" type="stmt"/>
      <line num="32" count="18" type="stmt"/>
      <line num="33" count="18" type="stmt"/>
      <line num="34" count="18" type="stmt"/>
      <line num="36" count="1" type="cond" truecount="1" falsecount="0"/>
      <line num="37" count="18" type="stmt"/>
      <line num="38" count="18" type="stmt"/>
      <line num="39" count="18" type="stmt"/>
      <line num="40" count="18" type="stmt"/>
      <line num="42" count="18" type="stmt"/>
      <line num="43" count="18" type="stmt"/>
      <line num="44" count="18" type="stmt"/>
      <line num="46" count="18" type="stmt"/>
      <line num="47" count="18" type="stmt"/>
      <line num="51" count="1" type="stmt"/>
      <line num="53" count="1" type="stmt"/>
      <line num="56" count="1" type="cond" truecount="1" falsecount="0"/>
      <line num="57" count="9" type="stmt"/>
      <line num="58" count="9" type="stmt"/>
      <line num="59" count="9" type="stmt"/>
      <line num="61" count="1" type="cond" truecount="1" falsecount="0"/>
      <line num="63" count="9" type="stmt"/>
      <line num="64" count="9" type="stmt"/>
      <line num="66" count="1" type="cond" truecount="1" falsecount="0"/>
      <line num="67" count="9" type="stmt"/>
      <line num="68" count="9" type="stmt"/>
      <line num="69" count="1" type="stmt"/>
      <line num="71" count="1" type="stmt"/>
      <line num="74" count="1" type="cond" truecount="1" falsecount="0"/>
      <line num="75" count="5" type="stmt"/>
      <line num="76" count="5" type="stmt"/>
      <line num="77" count="5" type="stmt"/>
      <line num="78" count="5" type="stmt"/>
      <line num="79" count="5" type="stmt"/>
      <line num="80" count="5" type="stmt"/>
      <line num="81" count="5" type="stmt"/>
      <line num="82" count="5" type="stmt"/>
      <line num="84" count="1" type="cond" truecount="1" falsecount="0"/>
      <line num="85" count="5" type="stmt"/>
      <line num="86" count="5" type="stmt"/>
      <line num="87" count="1" type="cond" truecount="1" falsecount="0"/>
      <line num="88" count="5" type="stmt"/>
      <line num="89" count="5" type="stmt"/>
      <line num="90" count="1" type="stmt"/>
      <line num="92" count="1" type="stmt"/>
      <line num="95" count="1" type="cond" truecount="1" falsecount="0"/>
      <line num="96" count="4" type="stmt"/>
      <line num="97" count="4" type="stmt"/>
      <line num="98" count="4" type="stmt"/>
      <line num="99" count="4" type="stmt"/>
      <line num="100" count="4" type="stmt"/>
      <line num="101" count="4" type="stmt"/>
      <line num="102" count="4" type="stmt"/>
      <line num="103" count="4" type="stmt"/>
      <line num="105" count="1" type="cond" truecount="1" falsecount="0"/>
      <line num="106" count="4" type="stmt"/>
      <line num="107" count="4" type="stmt"/>
      <line num="109" count="1" type="cond" truecount="1" falsecount="0"/>
      <line num="110" count="4" type="stmt"/>
      <line num="111" count="4" type="stmt"/>
      <line num="112" count="1" type="stmt"/>
      <line num="114" count="1" type="stmt"/>
      <line num="117" count="1" type="stmt"/>
      <line num="118" count="0" type="stmt"/>
      <line num="119" count="0" type="stmt"/>
      <line num="121" count="1" type="stmt"/>
      <line num="122" count="0" type="stmt"/>
      <line num="123" count="0" type="stmt"/>
      <line num="124" count="1" type="stmt"/>
      <line num="126" count="1" type="stmt"/>
      <line num="131" count="1" type="cond" truecount="1" falsecount="0"/>
      <line num="132" count="2" type="stmt"/>
      <line num="133" count="2" type="stmt"/>
      <line num="134" count="2" type="stmt"/>
      <line num="135" count="2" type="stmt"/>
      <line num="137" count="1" type="cond" truecount="1" falsecount="0"/>
      <line num="138" count="2" type="stmt"/>
      <line num="139" count="2" type="stmt"/>
      <line num="140" count="2" type="stmt"/>
      <line num="141" count="2" type="stmt"/>
      <line num="142" count="2" type="stmt"/>
      <line num="143" count="2" type="stmt"/>
      <line num="144" count="2" type="cond" truecount="0" falsecount="1"/>
      <line num="145" count="0" type="stmt"/>
      <line num="146" count="0" type="stmt"/>
      <line num="147" count="0" type="stmt"/>
      <line num="148" count="0" type="stmt"/>
      <line num="149" count="2" type="cond" truecount="0" falsecount="1"/>
      <line num="150" count="0" type="stmt"/>
      <line num="151" count="0" type="stmt"/>
      <line num="152" count="2" type="stmt"/>
      <line num="153" count="1" type="stmt"/>
      <line num="155" count="1" type="stmt"/>
      <line num="160" count="1" type="cond" truecount="1" falsecount="0"/>
      <line num="161" count="1" type="stmt"/>
      <line num="162" count="1" type="stmt"/>
      <line num="163" count="1" type="stmt"/>
      <line num="164" count="1" type="stmt"/>
      <line num="166" count="1" type="cond" truecount="1" falsecount="0"/>
      <line num="167" count="1" type="stmt"/>
      <line num="169" count="1" type="stmt"/>
      <line num="170" count="1" type="stmt"/>
      <line num="171" count="1" type="stmt"/>
      <line num="172" count="1" type="stmt"/>
      <line num="173" count="1" type="stmt"/>
      <line num="174" count="1" type="cond" truecount="0" falsecount="1"/>
      <line num="175" count="0" type="stmt"/>
      <line num="176" count="0" type="stmt"/>
      <line num="177" count="0" type="stmt"/>
      <line num="178" count="0" type="stmt"/>
      <line num="179" count="1" type="cond" truecount="0" falsecount="1"/>
      <line num="180" count="0" type="stmt"/>
      <line num="181" count="0" type="stmt"/>
      <line num="182" count="1" type="stmt"/>
      <line num="183" count="1" type="stmt"/>
      <line num="185" count="1" type="stmt"/>
      <line num="186" count="1" type="stmt"/>
      <line num="188" count="1" type="cond" truecount="1" falsecount="0"/>
      <line num="190" count="1" type="cond" truecount="1" falsecount="0"/>
      <line num="191" count="1" type="stmt"/>
      <line num="192" count="1" type="stmt"/>
      <line num="194" count="1" type="cond" truecount="1" falsecount="0"/>
      <line num="195" count="1" type="stmt"/>
      <line num="196" count="1" type="stmt"/>
      <line num="199" count="1" type="stmt"/>
      <line num="201" count="1" type="stmt"/>
      <line num="202" count="1" type="stmt"/>
      <line num="203" count="0" type="stmt"/>
      <line num="204" count="0" type="stmt"/>
      <line num="206" count="1" type="stmt"/>
      <line num="208" count="1" type="cond" truecount="1" falsecount="0"/>
      <line num="209" count="2" type="stmt"/>
      <line num="210" count="2" type="stmt"/>
      <line num="211" count="1" type="stmt"/>
      <line num="213" count="1" type="stmt"/>
      <line num="214" count="1" type="cond" truecount="1" falsecount="0"/>
      <line num="215" count="1" type="stmt"/>
      <line num="217" count="1" type="stmt"/>
      <line num="219" count="1" type="cond" truecount="1" falsecount="0"/>
      <line num="220" count="2" type="stmt"/>
      <line num="221" count="2" type="stmt"/>
      <line num="222" count="2" type="stmt"/>
      <line num="224" count="1" type="cond" truecount="1" falsecount="0"/>
      <line num="225" count="1" type="stmt"/>
      <line num="226" count="1" type="stmt"/>
      <line num="228" count="1" type="cond" truecount="1" falsecount="0"/>
      <line num="229" count="2" type="stmt"/>
      <line num="230" count="2" type="stmt"/>
      <line num="232" count="2" type="stmt"/>
      <line num="233" count="2" type="cond" truecount="1" falsecount="0"/>
      <line num="234" count="2" type="stmt"/>
      <line num="235" count="2" type="stmt"/>
      <line num="236" count="2" type="stmt"/>
      <line num="237" count="2" type="stmt"/>
      <line num="238" count="2" type="stmt"/>
      <line num="239" count="2" type="stmt"/>
      <line num="240" count="1" type="stmt"/>
      <line num="242" count="1" type="stmt"/>
      <line num="247" count="1" type="cond" truecount="1" falsecount="0"/>
      <line num="248" count="1" type="stmt"/>
      <line num="249" count="1" type="stmt"/>
      <line num="250" count="1" type="stmt"/>
      <line num="251" count="1" type="stmt"/>
      <line num="253" count="1" type="cond" truecount="1" falsecount="0"/>
      <line num="254" count="1" type="stmt"/>
      <line num="256" count="1" type="stmt"/>
      <line num="258" count="1" type="stmt"/>
      <line num="259" count="1" type="stmt"/>
      <line num="260" count="1" type="cond" truecount="0" falsecount="1"/>
      <line num="261" count="0" type="stmt"/>
      <line num="262" count="0" type="stmt"/>
      <line num="263" count="1" type="stmt"/>
      <line num="264" count="1" type="stmt"/>
      <line num="266" count="1" type="stmt"/>
      <line num="269" count="1" type="cond" truecount="1" falsecount="0"/>
      <line num="270" count="9" type="stmt"/>
      <line num="271" count="9" type="stmt"/>
      <line num="273" count="1" type="cond" truecount="1" falsecount="0"/>
      <line num="274" count="9" type="stmt"/>
      <line num="275" count="9" type="stmt"/>
      <line num="276" count="9" type="stmt"/>
      <line num="277" count="9" type="cond" truecount="0" falsecount="1"/>
      <line num="278" count="0" type="stmt"/>
      <line num="279" count="0" type="stmt"/>
      <line num="280" count="9" type="stmt"/>
      <line num="283" count="1" type="stmt"/>
      <line num="285" count="1" type="stmt"/>
      <line num="288" count="1" type="cond" truecount="1" falsecount="0"/>
      <line num="289" count="1" type="stmt"/>
      <line num="290" count="1" type="stmt"/>
      <line num="291" count="1" type="stmt"/>
      <line num="293" count="1" type="cond" truecount="1" falsecount="0"/>
      <line num="294" count="1" type="stmt"/>
      <line num="296" count="1" type="stmt"/>
      <line num="297" count="1" type="stmt"/>
      <line num="299" count="1" type="stmt"/>
      <line num="300" count="1" type="cond" truecount="1" falsecount="0"/>
      <line num="301" count="3" type="stmt"/>
      <line num="302" count="3" type="stmt"/>
      <line num="303" count="1" type="cond" truecount="1" falsecount="0"/>
      <line num="304" count="3" type="stmt"/>
      <line num="305" count="3" type="stmt"/>
      <line num="306" count="3" type="stmt"/>
      <line num="311" count="1" type="stmt"/>
      <line num="313" count="1" type="stmt"/>
      <line num="315" count="1" type="cond" truecount="1" falsecount="0"/>
      <line num="316" count="1" type="stmt"/>
      <line num="317" count="1" type="stmt"/>
      <line num="318" count="1" type="stmt"/>
      <line num="320" count="1" type="cond" truecount="1" falsecount="0"/>
      <line num="321" count="1" type="stmt"/>
      <line num="322" count="1" type="stmt"/>
      <line num="324" count="1" type="cond" truecount="1" falsecount="0"/>
      <line num="325" count="1" type="stmt"/>
      <line num="326" count="1" type="stmt"/>
      <line num="327" count="1" type="stmt"/>
      <line num="329" count="1" type="stmt"/>
      <line num="332" count="1" type="cond" truecount="1" falsecount="0"/>
      <line num="333" count="1" type="stmt"/>
      <line num="334" count="1" type="stmt"/>
      <line num="335" count="1" type="stmt"/>
      <line num="337" count="1" type="cond" truecount="1" falsecount="0"/>
      <line num="338" count="1" type="stmt"/>
      <line num="339" count="1" type="stmt"/>
      <line num="341" count="1" type="cond" truecount="1" falsecount="0"/>
      <line num="342" count="1" type="stmt"/>
      <line num="343" count="1" type="stmt"/>
      <line num="344" count="1" type="stmt"/>
      <line num="346" count="1" type="stmt"/>
      <line num="349" count="1" type="cond" truecount="1" falsecount="0"/>
      <line num="350" count="1" type="stmt"/>
      <line num="351" count="1" type="stmt"/>
      <line num="352" count="1" type="stmt"/>
      <line num="354" count="1" type="cond" truecount="1" falsecount="0"/>
      <line num="355" count="1" type="stmt"/>
      <line num="356" count="1" type="stmt"/>
      <line num="358" count="1" type="cond" truecount="1" falsecount="0"/>
      <line num="359" count="1" type="stmt"/>
      <line num="360" count="1" type="stmt"/>
      <line num="361" count="1" type="stmt"/>
      <line num="363" count="1" type="stmt"/>
      <line num="364" count="1" type="cond" truecount="1" falsecount="0"/>
      <line num="365" count="3" type="stmt"/>
      <line num="366" count="3" type="stmt"/>
      <line num="368" count="1" type="cond" truecount="1" falsecount="0"/>
      <line num="369" count="3" type="stmt"/>
      <line num="370" count="3" type="stmt"/>
      <line num="373" count="1" type="stmt"/>
      <line num="375" count="1" type="stmt"/>
      <line num="379" count="1" type="cond" truecount="1" falsecount="0"/>
      <line num="380" count="1" type="stmt"/>
      <line num="381" count="1" type="stmt"/>
      <line num="382" count="1" type="stmt"/>
      <line num="383" count="1" type="stmt"/>
      <line num="384" count="1" type="cond" truecount="1" falsecount="0"/>
      <line num="385" count="1" type="stmt"/>
      <line num="386" count="1" type="stmt"/>
      <line num="387" count="1" type="stmt"/>
      <line num="389" count="1" type="stmt"/>
      <line num="392" count="1" type="cond" truecount="1" falsecount="0"/>
      <line num="393" count="1" type="stmt"/>
      <line num="394" count="1" type="stmt"/>
      <line num="395" count="1" type="stmt"/>
      <line num="397" count="1" type="cond" truecount="1" falsecount="0"/>
      <line num="398" count="1" type="stmt"/>
      <line num="399" count="1" type="stmt"/>
      <line num="400" count="1" type="stmt"/>
      <line num="402" count="1" type="stmt"/>
      <line num="405" count="1" type="cond" truecount="1" falsecount="0"/>
      <line num="406" count="1" type="stmt"/>
      <line num="407" count="1" type="stmt"/>
      <line num="408" count="1" type="stmt"/>
      <line num="410" count="1" type="cond" truecount="1" falsecount="0"/>
      <line num="411" count="1" type="stmt"/>
      <line num="412" count="1" type="stmt"/>
      <line num="413" count="1" type="stmt"/>
      <line num="415" count="1" type="stmt"/>
      <line num="416" count="1" type="cond" truecount="1" falsecount="0"/>
      <line num="417" count="2" type="stmt"/>
      <line num="418" count="2" type="stmt"/>
      <line num="420" count="1" type="cond" truecount="1" falsecount="0"/>
      <line num="421" count="2" type="stmt"/>
      <line num="422" count="2" type="stmt"/>
      <line num="423" count="2" type="stmt"/>
      <line num="427" count="1" type="stmt"/>
      <line num="429" count="1" type="stmt"/>
      <line num="432" count="1" type="cond" truecount="1" falsecount="0"/>
      <line num="433" count="1" type="stmt"/>
      <line num="434" count="1" type="stmt"/>
      <line num="435" count="1" type="stmt"/>
      <line num="437" count="1" type="cond" truecount="1" falsecount="0"/>
      <line num="438" count="1" type="stmt"/>
      <line num="439" count="1" type="stmt"/>
      <line num="441" count="1" type="cond" truecount="1" falsecount="0"/>
      <line num="442" count="1" type="stmt"/>
      <line num="443" count="1" type="stmt"/>
      <line num="444" count="1" type="stmt"/>
      <line num="446" count="1" type="stmt"/>
      <line num="447" count="1" type="cond" truecount="1" falsecount="0"/>
      <line num="448" count="1" type="stmt"/>
      <line num="449" count="1" type="stmt"/>
      <line num="450" count="1" type="cond" truecount="1" falsecount="0"/>
      <line num="451" count="1" type="stmt"/>
      <line num="452" count="1" type="stmt"/>
      <line num="453" count="1" type="cond" truecount="1" falsecount="0"/>
      <line num="454" count="1" type="stmt"/>
      <line num="455" count="1" type="cond" truecount="0" falsecount="1"/>
      <line num="456" count="0" type="stmt"/>
      <line num="457" count="0" type="stmt"/>
      <line num="458" count="0" type="stmt"/>
      <line num="459" count="1" type="stmt"/>
      <line num="460" count="1" type="stmt"/>
      <line num="462" count="1" type="stmt"/>
      <line num="465" count="1" type="cond" truecount="1" falsecount="0"/>
      <line num="466" count="3" type="stmt"/>
      <line num="467" count="3" type="stmt"/>
      <line num="469" count="1" type="cond" truecount="1" falsecount="0"/>
      <line num="470" count="3" type="stmt"/>
      <line num="471" count="3" type="cond" truecount="1" falsecount="0"/>
      <line num="472" count="22" type="stmt"/>
      <line num="474" count="22" type="cond" truecount="1" falsecount="0"/>
      <line num="475" count="15" type="stmt"/>
      <line num="476" count="15" type="cond" truecount="0" falsecount="1"/>
      <line num="477" count="15" type="stmt"/>
      <line num="478" count="15" type="stmt"/>
      <line num="480" count="15" type="stmt"/>
      <line num="481" count="15" type="stmt"/>
      <line num="482" count="15" type="stmt"/>
      <line num="483" count="22" type="stmt"/>
      <line num="484" count="3" type="stmt"/>
      <line num="485" count="1" type="stmt"/>
    </file>
    <file name="employee.ts" path="C:\Users\41783\Documents\アウトプット\Javascript\learning-architecture\agile_software_development\CaseStudy1\employee.ts">
      <metrics statements="236" coveredstatements="233" conditionals="59" coveredconditionals="58" methods="53" coveredmethods="52"/>
      <line num="3" count="1" type="stmt"/>
      <line num="7" count="1" type="stmt"/>
      <line num="8" count="1" type="stmt"/>
      <line num="9" count="1" type="stmt"/>
      <line num="10" count="1" type="stmt"/>
      <line num="12" count="1" type="cond" truecount="1" falsecount="0"/>
      <line num="13" count="18" type="stmt"/>
      <line num="14" count="18" type="stmt"/>
      <line num="15" count="18" type="stmt"/>
      <line num="16" count="18" type="stmt"/>
      <line num="18" count="1" type="cond" truecount="1" falsecount="0"/>
      <line num="19" count="2" type="stmt"/>
      <line num="20" count="2" type="stmt"/>
      <line num="22" count="1" type="cond" truecount="1" falsecount="0"/>
      <line num="23" count="1" type="stmt"/>
      <line num="24" count="1" type="stmt"/>
      <line num="26" count="1" type="stmt"/>
      <line num="27" count="0" type="stmt"/>
      <line num="28" count="0" type="stmt"/>
      <line num="30" count="1" type="cond" truecount="1" falsecount="0"/>
      <line num="31" count="4" type="stmt"/>
      <line num="32" count="4" type="stmt"/>
      <line num="34" count="1" type="cond" truecount="1" falsecount="0"/>
      <line num="35" count="3" type="stmt"/>
      <line num="36" count="3" type="stmt"/>
      <line num="38" count="1" type="cond" truecount="1" falsecount="0"/>
      <line num="39" count="22" type="stmt"/>
      <line num="40" count="22" type="stmt"/>
      <line num="41" count="1" type="cond" truecount="1" falsecount="0"/>
      <line num="42" count="13" type="stmt"/>
      <line num="43" count="13" type="stmt"/>
      <line num="45" count="1" type="cond" truecount="1" falsecount="0"/>
      <line num="46" count="21" type="stmt"/>
      <line num="47" count="21" type="stmt"/>
      <line num="49" count="1" type="cond" truecount="1" falsecount="0"/>
      <line num="50" count="4" type="stmt"/>
      <line num="51" count="4" type="stmt"/>
      <line num="53" count="1" type="cond" truecount="1" falsecount="0"/>
      <line num="54" count="21" type="stmt"/>
      <line num="55" count="21" type="stmt"/>
      <line num="57" count="1" type="cond" truecount="1" falsecount="0"/>
      <line num="58" count="4" type="stmt"/>
      <line num="59" count="4" type="stmt"/>
      <line num="61" count="1" type="cond" truecount="1" falsecount="0"/>
      <line num="62" count="22" type="stmt"/>
      <line num="63" count="22" type="stmt"/>
      <line num="65" count="1" type="cond" truecount="1" falsecount="0"/>
      <line num="66" count="15" type="stmt"/>
      <line num="67" count="15" type="stmt"/>
      <line num="69" count="1" type="cond" truecount="1" falsecount="0"/>
      <line num="70" count="15" type="cond" truecount="1" falsecount="0"/>
      <line num="71" count="15" type="cond" truecount="1" falsecount="0"/>
      <line num="72" count="15" type="stmt"/>
      <line num="74" count="15" type="cond" truecount="1" falsecount="0"/>
      <line num="75" count="3" type="stmt"/>
      <line num="76" count="3" type="cond" truecount="1" falsecount="0"/>
      <line num="78" count="12" type="stmt"/>
      <line num="79" count="12" type="stmt"/>
      <line num="80" count="12" type="stmt"/>
      <line num="81" count="15" type="stmt"/>
      <line num="82" count="15" type="stmt"/>
      <line num="83" count="1" type="stmt"/>
      <line num="85" count="1" type="stmt"/>
      <line num="88" count="1" type="stmt"/>
      <line num="89" count="1" type="stmt"/>
      <line num="90" count="1" type="stmt"/>
      <line num="92" count="1" type="cond" truecount="1" falsecount="0"/>
      <line num="93" count="15" type="stmt"/>
      <line num="94" count="15" type="stmt"/>
      <line num="95" count="15" type="stmt"/>
      <line num="97" count="1" type="cond" truecount="1" falsecount="0"/>
      <line num="98" count="2" type="stmt"/>
      <line num="99" count="2" type="stmt"/>
      <line num="100" count="1" type="cond" truecount="1" falsecount="0"/>
      <line num="101" count="12" type="stmt"/>
      <line num="102" count="12" type="stmt"/>
      <line num="104" count="1" type="cond" truecount="1" falsecount="0"/>
      <line num="105" count="2" type="stmt"/>
      <line num="106" count="2" type="stmt"/>
      <line num="108" count="1" type="cond" truecount="1" falsecount="0"/>
      <line num="109" count="12" type="stmt"/>
      <line num="110" count="12" type="stmt"/>
      <line num="112" count="1" type="cond" truecount="1" falsecount="0"/>
      <line num="113" count="1" type="stmt"/>
      <line num="114" count="1" type="stmt"/>
      <line num="116" count="1" type="cond" truecount="1" falsecount="0"/>
      <line num="117" count="12" type="stmt"/>
      <line num="118" count="12" type="stmt"/>
      <line num="120" count="1" type="cond" truecount="1" falsecount="0"/>
      <line num="121" count="2" type="stmt"/>
      <line num="122" count="2" type="stmt"/>
      <line num="124" count="1" type="cond" truecount="1" falsecount="0"/>
      <line num="125" count="2" type="stmt"/>
      <line num="126" count="2" type="stmt"/>
      <line num="127" count="1" type="stmt"/>
      <line num="133" count="1" type="stmt"/>
      <line num="136" count="1" type="cond" truecount="1" falsecount="0"/>
      <line num="139" count="10" type="stmt"/>
      <line num="140" count="10" type="stmt"/>
      <line num="142" count="1" type="cond" truecount="1" falsecount="0"/>
      <line num="143" count="8" type="stmt"/>
      <line num="144" count="8" type="stmt"/>
      <line num="145" count="1" type="stmt"/>
      <line num="146" count="1" type="stmt"/>
      <line num="147" count="1" type="stmt"/>
      <line num="148" count="1" type="stmt"/>
      <line num="150" count="1" type="cond" truecount="1" falsecount="0"/>
      <line num="151" count="5" type="stmt"/>
      <line num="152" count="5" type="stmt"/>
      <line num="154" count="1" type="cond" truecount="1" falsecount="0"/>
      <line num="155" count="1" type="stmt"/>
      <line num="156" count="1" type="stmt"/>
      <line num="158" count="1" type="cond" truecount="1" falsecount="0"/>
      <line num="159" count="1" type="stmt"/>
      <line num="160" count="1" type="stmt"/>
      <line num="162" count="1" type="cond" truecount="1" falsecount="0"/>
      <line num="163" count="4" type="stmt"/>
      <line num="164" count="4" type="stmt"/>
      <line num="165" count="4" type="cond" truecount="1" falsecount="0"/>
      <line num="166" count="4" type="stmt"/>
      <line num="167" count="4" type="stmt"/>
      <line num="168" count="1" type="stmt"/>
      <line num="169" count="1" type="stmt"/>
      <line num="172" count="1" type="cond" truecount="1" falsecount="0"/>
      <line num="173" count="3" type="stmt"/>
      <line num="174" count="3" type="stmt"/>
      <line num="175" count="3" type="stmt"/>
      <line num="177" count="1" type="cond" truecount="1" falsecount="0"/>
      <line num="178" count="5" type="stmt"/>
      <line num="179" count="5" type="stmt"/>
      <line num="180" count="1" type="stmt"/>
      <line num="182" count="1" type="stmt"/>
      <line num="183" count="1" type="stmt"/>
      <line num="184" count="1" type="stmt"/>
      <line num="186" count="1" type="cond" truecount="1" falsecount="0"/>
      <line num="187" count="6" type="stmt"/>
      <line num="188" count="6" type="stmt"/>
      <line num="190" count="1" type="cond" truecount="1" falsecount="0"/>
      <line num="191" count="3" type="stmt"/>
      <line num="192" count="3" type="stmt"/>
      <line num="194" count="1" type="cond" truecount="1" falsecount="0"/>
      <line num="195" count="1" type="stmt"/>
      <line num="196" count="1" type="stmt"/>
      <line num="198" count="1" type="cond" truecount="1" falsecount="0"/>
      <line num="199" count="10" type="stmt"/>
      <line num="200" count="10" type="cond" truecount="1" falsecount="0"/>
      <line num="201" count="10" type="stmt"/>
      <line num="202" count="10" type="stmt"/>
      <line num="203" count="10" type="stmt"/>
      <line num="204" count="10" type="stmt"/>
      <line num="205" count="1" type="stmt"/>
      <line num="206" count="1" type="stmt"/>
      <line num="210" count="1" type="cond" truecount="1" falsecount="0"/>
      <line num="211" count="5" type="stmt"/>
      <line num="212" count="5" type="stmt"/>
      <line num="213" count="5" type="stmt"/>
      <line num="215" count="1" type="cond" truecount="1" falsecount="0"/>
      <line num="216" count="9" type="stmt"/>
      <line num="217" count="9" type="stmt"/>
      <line num="218" count="1" type="stmt"/>
      <line num="225" count="1" type="stmt"/>
      <line num="226" count="1" type="cond" truecount="1" falsecount="0"/>
      <line num="227" count="10" type="stmt"/>
      <line num="228" count="10" type="stmt"/>
      <line num="230" count="1" type="cond" truecount="1" falsecount="0"/>
      <line num="231" count="10" type="stmt"/>
      <line num="232" count="10" type="stmt"/>
      <line num="234" count="10" type="stmt"/>
      <line num="235" count="10" type="stmt"/>
      <line num="237" count="1" type="cond" truecount="1" falsecount="0"/>
      <line num="238" count="6" type="stmt"/>
      <line num="239" count="6" type="stmt"/>
      <line num="240" count="6" type="stmt"/>
      <line num="241" count="6" type="stmt"/>
      <line num="242" count="6" type="stmt"/>
      <line num="243" count="1" type="stmt"/>
      <line num="245" count="1" type="stmt"/>
      <line num="246" count="1" type="cond" truecount="1" falsecount="0"/>
      <line num="247" count="4" type="stmt"/>
      <line num="248" count="4" type="stmt"/>
      <line num="249" count="1" type="cond" truecount="1" falsecount="0"/>
      <line num="250" count="4" type="stmt"/>
      <line num="251" count="4" type="stmt"/>
      <line num="252" count="4" type="stmt"/>
      <line num="253" count="1" type="cond" truecount="1" falsecount="0"/>
      <line num="254" count="2" type="stmt"/>
      <line num="255" count="2" type="cond" truecount="0" falsecount="1"/>
      <line num="256" count="0" type="stmt"/>
      <line num="257" count="2" type="stmt"/>
      <line num="258" count="2" type="stmt"/>
      <line num="259" count="2" type="stmt"/>
      <line num="260" count="2" type="stmt"/>
      <line num="261" count="2" type="stmt"/>
      <line num="262" count="2" type="stmt"/>
      <line num="263" count="1" type="stmt"/>
      <line num="265" count="1" type="stmt"/>
      <line num="266" count="1" type="cond" truecount="1" falsecount="0"/>
      <line num="267" count="11" type="stmt"/>
      <line num="268" count="11" type="stmt"/>
      <line num="270" count="1" type="cond" truecount="1" falsecount="0"/>
      <line num="271" count="11" type="stmt"/>
      <line num="272" count="11" type="stmt"/>
      <line num="273" count="11" type="stmt"/>
      <line num="274" count="1" type="cond" truecount="1" falsecount="0"/>
      <line num="275" count="7" type="stmt"/>
      <line num="276" count="7" type="stmt"/>
      <line num="277" count="7" type="stmt"/>
      <line num="278" count="7" type="stmt"/>
      <line num="280" count="7" type="stmt"/>
      <line num="281" count="7" type="stmt"/>
      <line num="282" count="1" type="stmt"/>
      <line num="288" count="1" type="stmt"/>
      <line num="290" count="1" type="cond" truecount="1" falsecount="0"/>
      <line num="291" count="19" type="stmt"/>
      <line num="292" count="19" type="stmt"/>
      <line num="293" count="1" type="cond" truecount="1" falsecount="0"/>
      <line num="294" count="13" type="stmt"/>
      <line num="295" count="13" type="stmt"/>
      <line num="296" count="1" type="stmt"/>
      <line num="298" count="1" type="stmt"/>
      <line num="302" count="1" type="cond" truecount="1" falsecount="0"/>
      <line num="303" count="1" type="stmt"/>
      <line num="304" count="1" type="stmt"/>
      <line num="305" count="1" type="stmt"/>
      <line num="307" count="1" type="cond" truecount="1" falsecount="0"/>
      <line num="308" count="1" type="stmt"/>
      <line num="309" count="1" type="stmt"/>
      <line num="310" count="1" type="stmt"/>
      <line num="312" count="1" type="stmt"/>
      <line num="314" count="1" type="cond" truecount="1" falsecount="0"/>
      <line num="315" count="1" type="stmt"/>
      <line num="316" count="1" type="stmt"/>
      <line num="317" count="1" type="cond" truecount="1" falsecount="0"/>
      <line num="318" count="1" type="stmt"/>
      <line num="319" count="1" type="stmt"/>
      <line num="320" count="1" type="stmt"/>
    </file>
    <file name="payrollDatabase.ts" path="C:\Users\41783\Documents\アウトプット\Javascript\learning-architecture\agile_software_development\CaseStudy1\payrollDatabase.ts">
      <metrics statements="40" coveredstatements="34" conditionals="9" coveredconditionals="9" methods="11" coveredmethods="9"/>
      <line num="3" count="1" type="stmt"/>
      <line num="4" count="1" type="cond" truecount="1" falsecount="0"/>
      <line num="5" count="1" type="stmt"/>
      <line num="6" count="1" type="stmt"/>
      <line num="8" count="1" type="cond" truecount="1" falsecount="0"/>
      <line num="9" count="3" type="stmt"/>
      <line num="10" count="3" type="stmt"/>
      <line num="11" count="3" type="stmt"/>
      <line num="13" count="1" type="cond" truecount="1" falsecount="0"/>
      <line num="14" count="15" type="stmt"/>
      <line num="15" count="15" type="stmt"/>
      <line num="17" count="1" type="cond" truecount="1" falsecount="0"/>
      <line num="18" count="52" type="stmt"/>
      <line num="19" count="52" type="stmt"/>
      <line num="20" count="52" type="stmt"/>
      <line num="22" count="1" type="cond" truecount="1" falsecount="0"/>
      <line num="23" count="3" type="stmt"/>
      <line num="24" count="3" type="stmt"/>
      <line num="26" count="1" type="cond" truecount="1" falsecount="0"/>
      <line num="27" count="18" type="stmt"/>
      <line num="28" count="18" type="stmt"/>
      <line num="30" count="1" type="stmt"/>
      <line num="31" count="0" type="stmt"/>
      <line num="32" count="0" type="stmt"/>
      <line num="33" count="0" type="stmt"/>
      <line num="34" count="0" type="stmt"/>
      <line num="36" count="1" type="cond" truecount="1" falsecount="0"/>
      <line num="37" count="3" type="stmt"/>
      <line num="38" count="3" type="stmt"/>
      <line num="40" count="1" type="cond" truecount="1" falsecount="0"/>
      <line num="41" count="2" type="stmt"/>
      <line num="42" count="2" type="stmt"/>
      <line num="43" count="1" type="cond" truecount="1" falsecount="0"/>
      <line num="44" count="1" type="stmt"/>
      <line num="45" count="1" type="stmt"/>
      <line num="46" count="1" type="stmt"/>
      <line num="48" count="1" type="stmt"/>
      <line num="49" count="0" type="stmt"/>
      <line num="50" count="0" type="stmt"/>
      <line num="51" count="1" type="stmt"/>
    </file>
  </project>
</coverage>
