{"C:\\Users\\41783\\Documents\\アウトプット\\Javascript\\learning-architecture\\agile_software_development\\Template-Pattern\\bubbleSorter.ts": {"path":"C:\\Users\\41783\\Documents\\アウトプット\\Javascript\\learning-architecture\\agile_software_development\\Template-Pattern\\bubbleSorter.ts","all":false,"statementMap":{"0":{"start":{"line":1,"column":0},"end":{"line":1,"column":36}},"1":{"start":{"line":2,"column":0},"end":{"line":2,"column":33}},"2":{"start":{"line":3,"column":0},"end":{"line":3,"column":23}},"3":{"start":{"line":4,"column":0},"end":{"line":4,"column":22}},"4":{"start":{"line":5,"column":0},"end":{"line":5,"column":24}},"5":{"start":{"line":6,"column":0},"end":{"line":6,"column":27}},"6":{"start":{"line":7,"column":0},"end":{"line":7,"column":29}},"7":{"start":{"line":8,"column":0},"end":{"line":8,"column":5}},"8":{"start":{"line":9,"column":0},"end":{"line":9,"column":75}},"9":{"start":{"line":10,"column":0},"end":{"line":10,"column":57}},"10":{"start":{"line":11,"column":0},"end":{"line":11,"column":37}},"11":{"start":{"line":12,"column":0},"end":{"line":12,"column":27}},"12":{"start":{"line":13,"column":0},"end":{"line":13,"column":9}},"13":{"start":{"line":14,"column":0},"end":{"line":14,"column":26}},"14":{"start":{"line":15,"column":0},"end":{"line":15,"column":7}},"15":{"start":{"line":16,"column":0},"end":{"line":16,"column":5}},"16":{"start":{"line":17,"column":0},"end":{"line":17,"column":27}},"17":{"start":{"line":18,"column":0},"end":{"line":18,"column":3}},"20":{"start":{"line":21,"column":0},"end":{"line":21,"column":1}}},"s":{"0":1,"1":1,"2":1,"3":1,"4":2,"5":2,"6":0,"7":0,"8":2,"9":8,"10":20,"11":20,"12":20,"13":20,"14":20,"15":8,"16":2,"17":2,"20":1},"branchMap":{"0":{"type":"branch","line":1,"loc":{"start":{"line":1,"column":7},"end":{"line":3,"column":23}},"locations":[{"start":{"line":1,"column":7},"end":{"line":3,"column":23}}]},"1":{"type":"branch","line":4,"loc":{"start":{"line":4,"column":12},"end":{"line":18,"column":3}},"locations":[{"start":{"line":4,"column":12},"end":{"line":18,"column":3}}]},"2":{"type":"branch","line":6,"loc":{"start":{"line":6,"column":26},"end":{"line":8,"column":5}},"locations":[{"start":{"line":6,"column":26},"end":{"line":8,"column":5}}]},"3":{"type":"branch","line":9,"loc":{"start":{"line":9,"column":74},"end":{"line":16,"column":5}},"locations":[{"start":{"line":9,"column":74},"end":{"line":16,"column":5}}]},"4":{"type":"branch","line":10,"loc":{"start":{"line":10,"column":56},"end":{"line":15,"column":7}},"locations":[{"start":{"line":10,"column":56},"end":{"line":15,"column":7}}]}},"b":{"0":[1],"1":[2],"2":[0],"3":[8],"4":[20]},"fnMap":{"0":{"name":"BubbleSorter","decl":{"start":{"line":1,"column":7},"end":{"line":3,"column":23}},"loc":{"start":{"line":1,"column":7},"end":{"line":3,"column":23}},"line":1},"1":{"name":"doSort","decl":{"start":{"line":4,"column":12},"end":{"line":18,"column":3}},"loc":{"start":{"line":4,"column":12},"end":{"line":18,"column":3}},"line":4}},"f":{"0":1,"1":2}}
,"C:\\Users\\41783\\Documents\\アウトプット\\Javascript\\learning-architecture\\agile_software_development\\Template-Pattern\\intBubbleSorter.ts": {"path":"C:\\Users\\41783\\Documents\\アウトプット\\Javascript\\learning-architecture\\agile_software_development\\Template-Pattern\\intBubbleSorter.ts","all":false,"statementMap":{"0":{"start":{"line":1,"column":0},"end":{"line":1,"column":49}},"2":{"start":{"line":3,"column":0},"end":{"line":3,"column":51}},"3":{"start":{"line":4,"column":0},"end":{"line":4,"column":31}},"4":{"start":{"line":5,"column":0},"end":{"line":5,"column":43}},"5":{"start":{"line":6,"column":0},"end":{"line":6,"column":26}},"6":{"start":{"line":7,"column":0},"end":{"line":7,"column":36}},"7":{"start":{"line":8,"column":0},"end":{"line":8,"column":18}},"8":{"start":{"line":9,"column":0},"end":{"line":9,"column":43}},"9":{"start":{"line":10,"column":0},"end":{"line":10,"column":25}},"10":{"start":{"line":11,"column":0},"end":{"line":11,"column":3}},"12":{"start":{"line":13,"column":0},"end":{"line":13,"column":33}},"13":{"start":{"line":14,"column":0},"end":{"line":14,"column":33}},"14":{"start":{"line":15,"column":0},"end":{"line":15,"column":46}},"15":{"start":{"line":16,"column":0},"end":{"line":16,"column":33}},"16":{"start":{"line":17,"column":0},"end":{"line":17,"column":3}},"18":{"start":{"line":19,"column":0},"end":{"line":19,"column":48}},"19":{"start":{"line":20,"column":0},"end":{"line":20,"column":53}},"20":{"start":{"line":21,"column":0},"end":{"line":21,"column":3}},"21":{"start":{"line":22,"column":0},"end":{"line":22,"column":1}}},"s":{"0":1,"2":1,"3":1,"4":1,"5":1,"6":1,"7":1,"8":1,"9":1,"10":1,"12":1,"13":20,"14":20,"15":20,"16":20,"18":1,"19":20,"20":20,"21":1},"branchMap":{"0":{"type":"branch","line":3,"loc":{"start":{"line":3,"column":7},"end":{"line":4,"column":31}},"locations":[{"start":{"line":3,"column":7},"end":{"line":4,"column":31}}]},"1":{"type":"branch","line":5,"loc":{"start":{"line":5,"column":9},"end":{"line":11,"column":3}},"locations":[{"start":{"line":5,"column":9},"end":{"line":11,"column":3}}]},"2":{"type":"branch","line":13,"loc":{"start":{"line":13,"column":12},"end":{"line":17,"column":3}},"locations":[{"start":{"line":13,"column":12},"end":{"line":17,"column":3}}]},"3":{"type":"branch","line":19,"loc":{"start":{"line":19,"column":12},"end":{"line":21,"column":3}},"locations":[{"start":{"line":19,"column":12},"end":{"line":21,"column":3}}]}},"b":{"0":[1],"1":[1],"2":[20],"3":[20]},"fnMap":{"0":{"name":"IntBubbleSorter","decl":{"start":{"line":3,"column":7},"end":{"line":4,"column":31}},"loc":{"start":{"line":3,"column":7},"end":{"line":4,"column":31}},"line":3},"1":{"name":"sort","decl":{"start":{"line":5,"column":9},"end":{"line":11,"column":3}},"loc":{"start":{"line":5,"column":9},"end":{"line":11,"column":3}},"line":5},"2":{"name":"swap","decl":{"start":{"line":13,"column":12},"end":{"line":17,"column":3}},"loc":{"start":{"line":13,"column":12},"end":{"line":17,"column":3}},"line":13},"3":{"name":"outOfOrder","decl":{"start":{"line":19,"column":12},"end":{"line":21,"column":3}},"loc":{"start":{"line":19,"column":12},"end":{"line":21,"column":3}},"line":19}},"f":{"0":1,"1":1,"2":20,"3":20}}
}
