{"C:\\Users\\41783\\Documents\\アウトプット\\Javascript\\learning-architecture\\agile_software_development\\DependencyInversionPrinciple\\Lamp.ts": {"path":"C:\\Users\\41783\\Documents\\アウトプット\\Javascript\\learning-architecture\\agile_software_development\\DependencyInversionPrinciple\\Lamp.ts","all":false,"statementMap":{"0":{"start":{"line":1,"column":0},"end":{"line":1,"column":55}},"2":{"start":{"line":3,"column":0},"end":{"line":3,"column":39}},"3":{"start":{"line":4,"column":0},"end":{"line":4,"column":17}},"4":{"start":{"line":5,"column":0},"end":{"line":5,"column":12}},"5":{"start":{"line":6,"column":0},"end":{"line":6,"column":3}},"7":{"start":{"line":8,"column":0},"end":{"line":8,"column":19}},"8":{"start":{"line":9,"column":0},"end":{"line":9,"column":20}},"9":{"start":{"line":10,"column":0},"end":{"line":10,"column":1}}},"s":{"0":1,"2":1,"3":1,"4":1,"5":1,"7":1,"8":1,"9":1},"branchMap":{"0":{"type":"branch","line":4,"loc":{"start":{"line":4,"column":2},"end":{"line":6,"column":3}},"locations":[{"start":{"line":4,"column":2},"end":{"line":6,"column":3}}]},"1":{"type":"branch","line":8,"loc":{"start":{"line":8,"column":2},"end":{"line":8,"column":19}},"locations":[{"start":{"line":8,"column":2},"end":{"line":8,"column":19}}]},"2":{"type":"branch","line":9,"loc":{"start":{"line":9,"column":2},"end":{"line":9,"column":20}},"locations":[{"start":{"line":9,"column":2},"end":{"line":9,"column":20}}]}},"b":{"0":[1],"1":[1],"2":[1]},"fnMap":{"0":{"name":"Lamp","decl":{"start":{"line":4,"column":2},"end":{"line":6,"column":3}},"loc":{"start":{"line":4,"column":2},"end":{"line":6,"column":3}},"line":4},"1":{"name":"turnOn","decl":{"start":{"line":8,"column":2},"end":{"line":8,"column":19}},"loc":{"start":{"line":8,"column":2},"end":{"line":8,"column":19}},"line":8},"2":{"name":"turnOff","decl":{"start":{"line":9,"column":2},"end":{"line":9,"column":20}},"loc":{"start":{"line":9,"column":2},"end":{"line":9,"column":20}},"line":9}},"f":{"0":1,"1":1,"2":1}}
,"C:\\Users\\41783\\Documents\\アウトプット\\Javascript\\learning-architecture\\agile_software_development\\DependencyInversionPrinciple\\SwitchableInterface.ts": {"path":"C:\\Users\\41783\\Documents\\アウトプット\\Javascript\\learning-architecture\\agile_software_development\\DependencyInversionPrinciple\\SwitchableInterface.ts","all":false,"statementMap":{"0":{"start":{"line":1,"column":0},"end":{"line":1,"column":35}},"1":{"start":{"line":2,"column":0},"end":{"line":2,"column":18}},"5":{"start":{"line":6,"column":0},"end":{"line":6,"column":1}}},"s":{"0":1,"1":1,"5":1},"branchMap":{"0":{"type":"branch","line":2,"loc":{"start":{"line":2,"column":2},"end":{"line":2,"column":18}},"locations":[{"start":{"line":2,"column":2},"end":{"line":2,"column":18}}]}},"b":{"0":[1]},"fnMap":{"0":{"name":"ISwitchable","decl":{"start":{"line":2,"column":2},"end":{"line":2,"column":18}},"loc":{"start":{"line":2,"column":2},"end":{"line":2,"column":18}},"line":2}},"f":{"0":1}}
,"C:\\Users\\41783\\Documents\\アウトプット\\Javascript\\learning-architecture\\agile_software_development\\DependencyInversionPrinciple\\button.ts": {"path":"C:\\Users\\41783\\Documents\\アウトプット\\Javascript\\learning-architecture\\agile_software_development\\DependencyInversionPrinciple\\button.ts","all":false,"statementMap":{"0":{"start":{"line":1,"column":0},"end":{"line":1,"column":33}},"3":{"start":{"line":4,"column":0},"end":{"line":4,"column":21}},"4":{"start":{"line":5,"column":0},"end":{"line":5,"column":37}},"6":{"start":{"line":7,"column":0},"end":{"line":7,"column":32}},"8":{"start":{"line":9,"column":0},"end":{"line":9,"column":16}},"9":{"start":{"line":10,"column":0},"end":{"line":10,"column":20}},"10":{"start":{"line":11,"column":0},"end":{"line":11,"column":38}},"11":{"start":{"line":12,"column":0},"end":{"line":12,"column":12}},"12":{"start":{"line":13,"column":0},"end":{"line":13,"column":37}},"13":{"start":{"line":14,"column":0},"end":{"line":14,"column":5}},"14":{"start":{"line":15,"column":0},"end":{"line":15,"column":22}},"15":{"start":{"line":16,"column":0},"end":{"line":16,"column":3}},"17":{"start":{"line":18,"column":0},"end":{"line":18,"column":13}},"18":{"start":{"line":19,"column":0},"end":{"line":19,"column":21}},"19":{"start":{"line":20,"column":0},"end":{"line":20,"column":3}},"21":{"start":{"line":22,"column":0},"end":{"line":22,"column":22}},"22":{"start":{"line":23,"column":0},"end":{"line":23,"column":27}},"23":{"start":{"line":24,"column":0},"end":{"line":24,"column":3}},"24":{"start":{"line":25,"column":0},"end":{"line":25,"column":1}}},"s":{"0":1,"3":1,"4":1,"6":1,"8":1,"9":2,"10":1,"11":1,"12":1,"13":1,"14":2,"15":2,"17":1,"18":0,"19":0,"21":1,"22":2,"23":2,"24":1},"branchMap":{"0":{"type":"branch","line":5,"loc":{"start":{"line":5,"column":2},"end":{"line":7,"column":32}},"locations":[{"start":{"line":5,"column":2},"end":{"line":7,"column":32}}]},"1":{"type":"branch","line":9,"loc":{"start":{"line":9,"column":2},"end":{"line":16,"column":3}},"locations":[{"start":{"line":9,"column":2},"end":{"line":16,"column":3}}]},"2":{"type":"branch","line":10,"loc":{"start":{"line":10,"column":19},"end":{"line":14,"column":5}},"locations":[{"start":{"line":10,"column":19},"end":{"line":14,"column":5}}]},"3":{"type":"branch","line":22,"loc":{"start":{"line":22,"column":2},"end":{"line":24,"column":3}},"locations":[{"start":{"line":22,"column":2},"end":{"line":24,"column":3}}]}},"b":{"0":[1],"1":[2],"2":[1],"3":[2]},"fnMap":{"0":{"name":"Button","decl":{"start":{"line":5,"column":2},"end":{"line":7,"column":32}},"loc":{"start":{"line":5,"column":2},"end":{"line":7,"column":32}},"line":5},"1":{"name":"poll","decl":{"start":{"line":9,"column":2},"end":{"line":16,"column":3}},"loc":{"start":{"line":9,"column":2},"end":{"line":16,"column":3}},"line":9},"2":{"name":"getIsOn","decl":{"start":{"line":18,"column":2},"end":{"line":20,"column":3}},"loc":{"start":{"line":18,"column":2},"end":{"line":20,"column":3}},"line":18},"3":{"name":"switchIsOn","decl":{"start":{"line":22,"column":2},"end":{"line":24,"column":3}},"loc":{"start":{"line":22,"column":2},"end":{"line":24,"column":3}},"line":22}},"f":{"0":1,"1":2,"2":0,"3":2}}
}
